============================= test session starts =============================
platform win32 -- Python 3.12.10, pytest-9.0.2, pluggy-1.6.0
rootdir: C:\Users\Mohit Manglani\OneDrive\Desktop\sentinel_v0
configfile: pyproject.toml
plugins: anyio-4.10.0, langsmith-0.6.6
collected 208 items

tests\test_axis1_comprehensive.py ...................................... [ 18%]
.                                                                        [ 18%]
tests\test_axis2_invariants.py ..................                        [ 27%]
tests\test_conditional_expectations.py ........................          [ 38%]
tests\test_context.py ......                                             [ 41%]
tests\test_contract.py .......                                           [ 45%]
tests\test_expectation_documentation.py ....................             [ 54%]
tests\test_expectation_groups.py .................                       [ 62%]
tests\test_expectation_scoping.py .....................                  [ 73%]
tests\test_expectation_templates.py ....................                 [ 82%]
tests\test_expectations.py .........................                     [ 94%]
tests\test_schema.py ...........                                         [100%]

============================== warnings summary ===============================
..\..\..\AppData\Local\Programs\Python\Python312\Lib\site-packages\pydantic\_internal\_config.py:323
..\..\..\AppData\Local\Programs\Python\Python312\Lib\site-packages\pydantic\_internal\_config.py:323
..\..\..\AppData\Local\Programs\Python\Python312\Lib\site-packages\pydantic\_internal\_config.py:323
..\..\..\AppData\Local\Programs\Python\Python312\Lib\site-packages\pydantic\_internal\_config.py:323
..\..\..\AppData\Local\Programs\Python\Python312\Lib\site-packages\pydantic\_internal\_config.py:323
..\..\..\AppData\Local\Programs\Python\Python312\Lib\site-packages\pydantic\_internal\_config.py:323
..\..\..\AppData\Local\Programs\Python\Python312\Lib\site-packages\pydantic\_internal\_config.py:323
..\..\..\AppData\Local\Programs\Python\Python312\Lib\site-packages\pydantic\_internal\_config.py:323
  C:\Users\Mohit Manglani\AppData\Local\Programs\Python\Python312\Lib\site-packages\pydantic\_internal\_config.py:323: PydanticDeprecatedSince20: Support for class-based `config` is deprecated, use ConfigDict instead. Deprecated in Pydantic V2.0 to be removed in V3.0. See Pydantic V2 Migration Guide at https://errors.pydantic.dev/2.11/migration/
    warnings.warn(DEPRECATION_MESSAGE, DeprecationWarning)

tests/test_contract.py::test_trace_immutability
  C:\Users\Mohit Manglani\AppData\Local\Programs\Python\Python312\Lib\site-packages\_pytest\python.py:170: PytestReturnNotNoneWarning: Test functions should return None, but tests/test_contract.py::test_trace_immutability returned <class 'tuple'>.
  Did you mean to use `assert` instead of `return`?
  See https://docs.pytest.org/en/stable/how-to/assert.html#return-not-none for more information.
    warnings.warn(

tests/test_contract.py::test_verdict_immutability
  C:\Users\Mohit Manglani\AppData\Local\Programs\Python\Python312\Lib\site-packages\_pytest\python.py:170: PytestReturnNotNoneWarning: Test functions should return None, but tests/test_contract.py::test_verdict_immutability returned <class 'tuple'>.
  Did you mean to use `assert` instead of `return`?
  See https://docs.pytest.org/en/stable/how-to/assert.html#return-not-none for more information.
    warnings.warn(

tests/test_contract.py::test_graph_determinism
  C:\Users\Mohit Manglani\AppData\Local\Programs\Python\Python312\Lib\site-packages\_pytest\python.py:170: PytestReturnNotNoneWarning: Test functions should return None, but tests/test_contract.py::test_graph_determinism returned <class 'tuple'>.
  Did you mean to use `assert` instead of `return`?
  See https://docs.pytest.org/en/stable/how-to/assert.html#return-not-none for more information.
    warnings.warn(

tests/test_contract.py::test_deterministic_expectations
  C:\Users\Mohit Manglani\AppData\Local\Programs\Python\Python312\Lib\site-packages\_pytest\python.py:170: PytestReturnNotNoneWarning: Test functions should return None, but tests/test_contract.py::test_deterministic_expectations returned <class 'tuple'>.
  Did you mean to use `assert` instead of `return`?
  See https://docs.pytest.org/en/stable/how-to/assert.html#return-not-none for more information.
    warnings.warn(

tests/test_contract.py::test_graph_verdict_derivation
  C:\Users\Mohit Manglani\AppData\Local\Programs\Python\Python312\Lib\site-packages\_pytest\python.py:170: PytestReturnNotNoneWarning: Test functions should return None, but tests/test_contract.py::test_graph_verdict_derivation returned <class 'tuple'>.
  Did you mean to use `assert` instead of `return`?
  See https://docs.pytest.org/en/stable/how-to/assert.html#return-not-none for more information.
    warnings.warn(

tests/test_contract.py::test_integrity_hash_determinism
  C:\Users\Mohit Manglani\AppData\Local\Programs\Python\Python312\Lib\site-packages\_pytest\python.py:170: PytestReturnNotNoneWarning: Test functions should return None, but tests/test_contract.py::test_integrity_hash_determinism returned <class 'tuple'>.
  Did you mean to use `assert` instead of `return`?
  See https://docs.pytest.org/en/stable/how-to/assert.html#return-not-none for more information.
    warnings.warn(

tests/test_contract.py::test_verdict_only_pass_or_fail
  C:\Users\Mohit Manglani\AppData\Local\Programs\Python\Python312\Lib\site-packages\_pytest\python.py:170: PytestReturnNotNoneWarning: Test functions should return None, but tests/test_contract.py::test_verdict_only_pass_or_fail returned <class 'tuple'>.
  Did you mean to use `assert` instead of `return`?
  See https://docs.pytest.org/en/stable/how-to/assert.html#return-not-none for more information.
    warnings.warn(

-- Docs: https://docs.pytest.org/en/stable/how-to/capture-warnings.html
====================== 208 passed, 15 warnings in 0.31s =======================
